This is pdfTeX, Version 3.14159265-2.6-1.40.16 (TeX Live 2015/Debian) (preloaded format=pdflatex 2016.11.9)  1 JUN 2017 12:23
entering extended mode
 restricted \write18 enabled.
 %&-line parsing enabled.
**2017-icip-provenance-filtering-copyright-notice.tex
(./2017-icip-provenance-filtering-copyright-notice.tex
LaTeX2e <2016/02/01>
Babel <3.9q> and hyphenation patterns for 81 language(s) loaded.
(/usr/share/texlive/texmf-dist/tex/latex/base/article.cls
Document Class: article 2014/09/29 v1.4h Standard LaTeX document class
(/usr/share/texlive/texmf-dist/tex/latex/base/size10.clo
File: size10.clo 2014/09/29 v1.4h Standard LaTeX file (size option)
)
\c@part=\count79
\c@section=\count80
\c@subsection=\count81
\c@subsubsection=\count82
\c@paragraph=\count83
\c@subparagraph=\count84
\c@figure=\count85
\c@table=\count86
\abovecaptionskip=\skip41
\belowcaptionskip=\skip42
\bibindent=\dimen102
) (./spconf.sty)
(/usr/share/texlive/texmf-dist/tex/latex/amsmath/amsmath.sty
Package: amsmath 2016/03/03 v2.15a AMS math features
\@mathmargin=\skip43

For additional information on amsmath, use the `?' option.
(/usr/share/texlive/texmf-dist/tex/latex/amsmath/amstext.sty
Package: amstext 2000/06/29 v2.01 AMS text

(/usr/share/texlive/texmf-dist/tex/latex/amsmath/amsgen.sty
File: amsgen.sty 1999/11/30 v2.0 generic functions
\@emptytoks=\toks14
\ex@=\dimen103
))
(/usr/share/texlive/texmf-dist/tex/latex/amsmath/amsbsy.sty
Package: amsbsy 1999/11/29 v1.2d Bold Symbols
\pmbraise@=\dimen104
)
(/usr/share/texlive/texmf-dist/tex/latex/amsmath/amsopn.sty
Package: amsopn 1999/12/14 v2.01 operator names
)
\inf@bad=\count87
LaTeX Info: Redefining \frac on input line 199.
\uproot@=\count88
\leftroot@=\count89
LaTeX Info: Redefining \overline on input line 297.
\classnum@=\count90
\DOTSCASE@=\count91
LaTeX Info: Redefining \ldots on input line 394.
LaTeX Info: Redefining \dots on input line 397.
LaTeX Info: Redefining \cdots on input line 518.
\Mathstrutbox@=\box26
\strutbox@=\box27
\big@size=\dimen105
LaTeX Font Info:    Redeclaring font encoding OML on input line 630.
LaTeX Font Info:    Redeclaring font encoding OMS on input line 631.
\macc@depth=\count92
\c@MaxMatrixCols=\count93
\dotsspace@=\muskip10
\c@parentequation=\count94
\dspbrk@lvl=\count95
\tag@help=\toks15
\row@=\count96
\column@=\count97
\maxfields@=\count98
\andhelp@=\toks16
\eqnshift@=\dimen106
\alignsep@=\dimen107
\tagshift@=\dimen108
\tagwidth@=\dimen109
\totwidth@=\dimen110
\lineht@=\dimen111
\@envbody=\toks17
\multlinegap=\skip44
\multlinetaggap=\skip45
\mathdisplay@stack=\toks18
LaTeX Info: Redefining \[ on input line 2735.
LaTeX Info: Redefining \] on input line 2736.
)
(/usr/share/texlive/texmf-dist/tex/latex/graphics/graphicx.sty
Package: graphicx 2014/10/28 v1.0g Enhanced LaTeX Graphics (DPC,SPQR)

(/usr/share/texlive/texmf-dist/tex/latex/graphics/keyval.sty
Package: keyval 2014/10/28 v1.15 key=value parser (DPC)
\KV@toks@=\toks19
)
(/usr/share/texlive/texmf-dist/tex/latex/graphics/graphics.sty
Package: graphics 2016/01/03 v1.0q Standard LaTeX Graphics (DPC,SPQR)

(/usr/share/texlive/texmf-dist/tex/latex/graphics/trig.sty
Package: trig 2016/01/03 v1.10 sin cos tan (DPC)
)
(/usr/share/texlive/texmf-dist/tex/latex/latexconfig/graphics.cfg
File: graphics.cfg 2010/04/23 v1.9 graphics configuration of TeX Live
)
Package graphics Info: Driver file: pdftex.def on input line 95.

(/usr/share/texlive/texmf-dist/tex/latex/pdftex-def/pdftex.def
File: pdftex.def 2011/05/27 v0.06d Graphics/color for pdfTeX

(/usr/share/texlive/texmf-dist/tex/generic/oberdiek/infwarerr.sty
Package: infwarerr 2010/04/08 v1.3 Providing info/warning/error messages (HO)
)
(/usr/share/texlive/texmf-dist/tex/generic/oberdiek/ltxcmds.sty
Package: ltxcmds 2011/11/09 v1.22 LaTeX kernel commands for general use (HO)
)
\Gread@gobject=\count99
))
\Gin@req@height=\dimen112
\Gin@req@width=\dimen113
)
(/usr/share/texlive/texmf-dist/tex/latex/colortbl/colortbl.sty
Package: colortbl 2012/02/13 v1.0a Color table columns (DPC)

(/usr/share/texlive/texmf-dist/tex/latex/tools/array.sty
Package: array 2014/10/28 v2.4c Tabular extension package (FMi)
\col@sep=\dimen114
\extrarowheight=\dimen115
\NC@list=\toks20
\extratabsurround=\skip46
\backup@length=\skip47
)
(/usr/share/texlive/texmf-dist/tex/latex/graphics/color.sty
Package: color 2016/01/03 v1.1b Standard LaTeX Color (DPC)

(/usr/share/texlive/texmf-dist/tex/latex/latexconfig/color.cfg
File: color.cfg 2007/01/18 v1.5 color configuration of teTeX/TeXLive
)
Package color Info: Driver file: pdftex.def on input line 143.
)
\everycr=\toks21
\minrowclearance=\skip48
)
(/usr/share/texlive/texmf-dist/tex/latex/url/url.sty
\Urlmuskip=\muskip11
Package: url 2013/09/16  ver 3.4  Verb mode for urls, etc.
)
(/usr/share/texlive/texmf-dist/tex/latex/subfigure/subfigure.sty
Package: subfigure 2002/03/15 v2.1.5 subfigure package
\subfigtopskip=\skip49
\subfigcapskip=\skip50
\subfigcaptopadj=\dimen116
\subfigbottomskip=\skip51
\subfigcapmargin=\dimen117
\subfiglabelskip=\skip52
\c@subfigure=\count100
\c@lofdepth=\count101
\c@subtable=\count102
\c@lotdepth=\count103

****************************************
* Local config file subfigure.cfg used *
****************************************
(/usr/share/texlive/texmf-dist/tex/latex/subfigure/subfigure.cfg)
\subfig@top=\skip53
\subfig@bottom=\skip54
)
(/usr/share/texlive/texmf-dist/tex/latex/xcolor/xcolor.sty
Package: xcolor 2007/01/21 v2.11 LaTeX color extensions (UK)

(/usr/share/texlive/texmf-dist/tex/latex/latexconfig/color.cfg
File: color.cfg 2007/01/18 v1.5 color configuration of teTeX/TeXLive
)
Package xcolor Info: Driver file: pdftex.def on input line 225.
LaTeX Info: Redefining \color on input line 702.
\rownum=\count104
Package xcolor Info: Model `cmy' substituted by `cmy0' on input line 1337.
Package xcolor Info: Model `hsb' substituted by `rgb' on input line 1341.
Package xcolor Info: Model `RGB' extended on input line 1353.
Package xcolor Info: Model `HTML' substituted by `rgb' on input line 1355.
Package xcolor Info: Model `Hsb' substituted by `hsb' on input line 1356.
Package xcolor Info: Model `tHsb' substituted by `hsb' on input line 1357.
Package xcolor Info: Model `HSB' substituted by `hsb' on input line 1358.
Package xcolor Info: Model `Gray' substituted by `gray' on input line 1359.
Package xcolor Info: Model `wave' substituted by `hsb' on input line 1360.
)
(/usr/share/texlive/texmf-dist/tex/latex/booktabs/booktabs.sty
Package: booktabs 2005/04/14 v1.61803 publication quality tables
\heavyrulewidth=\dimen118
\lightrulewidth=\dimen119
\cmidrulewidth=\dimen120
\belowrulesep=\dimen121
\belowbottomsep=\dimen122
\aboverulesep=\dimen123
\abovetopsep=\dimen124
\cmidrulesep=\dimen125
\cmidrulekern=\dimen126
\defaultaddspace=\dimen127
\@cmidla=\count105
\@cmidlb=\count106
\@aboverulesep=\dimen128
\@belowrulesep=\dimen129
\@thisruleclass=\count107
\@lastruleclass=\count108
\@thisrulewidth=\dimen130
)
(/usr/share/texlive/texmf-dist/tex/latex/multirow/multirow.sty
\bigstrutjot=\dimen131
)
(./color-defs.tex) (./2017-icip-provenance-filtering-copyright-notice.aux)
\openout1 = `2017-icip-provenance-filtering-copyright-notice.aux'.

LaTeX Font Info:    Checking defaults for OML/cmm/m/it on input line 25.
LaTeX Font Info:    ... okay on input line 25.
LaTeX Font Info:    Checking defaults for T1/cmr/m/n on input line 25.
LaTeX Font Info:    ... okay on input line 25.
LaTeX Font Info:    Checking defaults for OT1/cmr/m/n on input line 25.
LaTeX Font Info:    ... okay on input line 25.
LaTeX Font Info:    Checking defaults for OMS/cmsy/m/n on input line 25.
LaTeX Font Info:    ... okay on input line 25.
LaTeX Font Info:    Checking defaults for OMX/cmex/m/n on input line 25.
LaTeX Font Info:    ... okay on input line 25.
LaTeX Font Info:    Checking defaults for U/cmr/m/n on input line 25.
LaTeX Font Info:    ... okay on input line 25.
LaTeX Font Info:    Try loading font information for OT1+ptm on input line 25.

(/usr/share/texlive/texmf-dist/tex/latex/psnfss/ot1ptm.fd
File: ot1ptm.fd 2001/06/04 font definitions for OT1/ptm.
)
(/usr/share/texlive/texmf-dist/tex/context/base/supp-pdf.mkii
[Loading MPS to PDF converter (version 2006.09.02).]
\scratchcounter=\count109
\scratchdimen=\dimen132
\scratchbox=\box28
\nofMPsegments=\count110
\nofMParguments=\count111
\everyMPshowfont=\toks22
\MPscratchCnt=\count112
\MPscratchDim=\dimen133
\MPnumerator=\count113
\makeMPintoPDFobject=\count114
\everyMPtoPDFconversion=\toks23
) (/usr/share/texlive/texmf-dist/tex/generic/oberdiek/pdftexcmds.sty
Package: pdftexcmds 2011/11/29 v0.20 Utility functions of pdfTeX for LuaTeX (HO
)

(/usr/share/texlive/texmf-dist/tex/generic/oberdiek/ifluatex.sty
Package: ifluatex 2010/03/01 v1.3 Provides the ifluatex switch (HO)
Package ifluatex Info: LuaTeX not detected.
)
(/usr/share/texlive/texmf-dist/tex/generic/oberdiek/ifpdf.sty
Package: ifpdf 2011/01/30 v2.3 Provides the ifpdf switch (HO)
Package ifpdf Info: pdfTeX in PDF mode is detected.
)
Package pdftexcmds Info: LuaTeX not detected.
Package pdftexcmds Info: \pdf@primitive is available.
Package pdftexcmds Info: \pdf@ifprimitive is available.
Package pdftexcmds Info: \pdfdraftmode found.
)
(/usr/share/texlive/texmf-dist/tex/latex/oberdiek/epstopdf-base.sty
Package: epstopdf-base 2010/02/09 v2.5 Base part for package epstopdf

(/usr/share/texlive/texmf-dist/tex/latex/oberdiek/grfext.sty
Package: grfext 2010/08/19 v1.1 Manage graphics extensions (HO)

(/usr/share/texlive/texmf-dist/tex/generic/oberdiek/kvdefinekeys.sty
Package: kvdefinekeys 2011/04/07 v1.3 Define keys (HO)
))
(/usr/share/texlive/texmf-dist/tex/latex/oberdiek/kvoptions.sty
Package: kvoptions 2011/06/30 v3.11 Key value format for package options (HO)

(/usr/share/texlive/texmf-dist/tex/generic/oberdiek/kvsetkeys.sty
Package: kvsetkeys 2012/04/25 v1.16 Key value parser (HO)

(/usr/share/texlive/texmf-dist/tex/generic/oberdiek/etexcmds.sty
Package: etexcmds 2011/02/16 v1.5 Avoid name clashes with e-TeX commands (HO)
Package etexcmds Info: Could not find \expanded.
(etexcmds)             That can mean that you are not using pdfTeX 1.50 or
(etexcmds)             that some package has redefined \expanded.
(etexcmds)             In the latter case, load this package earlier.
)))
Package grfext Info: Graphics extension search list:
(grfext)             [.png,.pdf,.jpg,.mps,.jpeg,.jbig2,.jb2,.PNG,.PDF,.JPG,.JPE
G,.JBIG2,.JB2,.eps]
(grfext)             \AppendGraphicsExtensions on input line 452.

(/usr/share/texlive/texmf-dist/tex/latex/latexconfig/epstopdf-sys.cfg
File: epstopdf-sys.cfg 2010/07/13 v1.3 Configuration of (r)epstopdf for TeX Liv
e
))
(./copyright-notice.tex
LaTeX Font Info:    Try loading font information for OMS+ptm on input line 3.

(/usr/share/texlive/texmf-dist/tex/latex/psnfss/omsptm.fd
File: omsptm.fd 
)
LaTeX Font Info:    Font shape `OMS/ptm/m/n' in size <10> not available
(Font)              Font shape `OMS/cmsy/m/n' tried instead on input line 3.

Underfull \hbox (badness 10000) in paragraph at lines 3--5

 []


Underfull \hbox (badness 10000) in paragraph at lines 6--8

 []

[1



{/var/lib/texmf/fonts/map/pdftex/updmap/pdftex.map}])
LaTeX Font Info:    Font shape `OT1/ptm/bx/n' in size <12> not available
(Font)              Font shape `OT1/ptm/b/n' tried instead on input line 27.
 (./00-abstract.tex
LaTeX Font Info:    Font shape `OT1/ptm/bx/n' in size <9> not available
(Font)              Font shape `OT1/ptm/b/n' tried instead on input line 2.
LaTeX Font Info:    Font shape `OT1/ptm/bx/it' in size <9> not available
(Font)              Font shape `OT1/ptm/b/it' tried instead on input line 6.
)
(./01-introduction.tex
<montage-provenance-filtering-01.pdf, id=8, 853.1875pt x 250.9375pt>
File: montage-provenance-filtering-01.pdf Graphic file (type pdf)

<use montage-provenance-filtering-01.pdf>
Package pdftex.def Info: montage-provenance-filtering-01.pdf used on input line
 9.
(pdftex.def)             Requested size: 163.94432pt x 48.2185pt.

<montage-provenance-filtering-02.pdf, id=9, 1043.9pt x 602.25pt>
File: montage-provenance-filtering-02.pdf Graphic file (type pdf)

<use montage-provenance-filtering-02.pdf>
Package pdftex.def Info: montage-provenance-filtering-02.pdf used on input line
 12.
(pdftex.def)             Requested size: 163.94432pt x 94.57918pt.
 [2


 <./montage-provenance-filtering-01.pdf> <./montage-provenance-filtering-02.pdf
>]) (./02-proposed-method.tex
<montage-pipeline-provenance-filtering.pdf, id=92, 1455.4375pt x 632.3625pt>
File: montage-pipeline-provenance-filtering.pdf Graphic file (type pdf)

<use montage-pipeline-provenance-filtering.pdf>
Package pdftex.def Info: montage-pipeline-provenance-filtering.pdf used on inpu
t line 10.
(pdftex.def)             Requested size: 232.45825pt x 100.99673pt.
 [3 <./montage-pipeline-provenance-filtering.pdf>] <contextual-mask.png, id=184
, 180.675pt x 89.133pt>
File: contextual-mask.png Graphic file (type png)

<use contextual-mask.png>
Package pdftex.def Info: contextual-mask.png used on input line 38.
(pdftex.def)             Requested size: 146.8177pt x 72.42989pt.
) (./03-experiments.tex
LaTeX Font Info:    Try loading font information for OT1+pcr on input line 4.

(/usr/share/texlive/texmf-dist/tex/latex/psnfss/ot1pcr.fd
File: ot1pcr.fd 2001/06/04 font definitions for OT1/pcr.
)
<nimble2017-alien-kdtree-recall_pr.pdf, id=186, 722.7pt x 433.62pt>
File: nimble2017-alien-kdtree-recall_pr.pdf Graphic file (type pdf)

<use nimble2017-alien-kdtree-recall_pr.pdf>
Package pdftex.def Info: nimble2017-alien-kdtree-recall_pr.pdf used on input li
ne 17.
(pdftex.def)             Requested size: 117.45192pt x 70.46571pt.

<nimble2017-alien-kdforest-recall_pr.pdf, id=187, 722.7pt x 433.62pt>
File: nimble2017-alien-kdforest-recall_pr.pdf Graphic file (type pdf)

<use nimble2017-alien-kdforest-recall_pr.pdf>
Package pdftex.def Info: nimble2017-alien-kdforest-recall_pr.pdf used on input 
line 18.
(pdftex.def)             Requested size: 117.45192pt x 70.46571pt.

<nimble2017-alien-pq-recall_pr.pdf, id=188, 722.7pt x 433.62pt>
File: nimble2017-alien-pq-recall_pr.pdf Graphic file (type pdf)

<use nimble2017-alien-pq-recall_pr.pdf>
Package pdftex.def Info: nimble2017-alien-pq-recall_pr.pdf used on input line 2
0.
(pdftex.def)             Requested size: 117.45192pt x 70.46571pt.

<nimble2017-alien-hcal-recall_pr.pdf, id=189, 722.7pt x 433.62pt>
File: nimble2017-alien-hcal-recall_pr.pdf Graphic file (type pdf)

<use nimble2017-alien-hcal-recall_pr.pdf>
Package pdftex.def Info: nimble2017-alien-hcal-recall_pr.pdf used on input line
 21.
(pdftex.def)             Requested size: 117.45192pt x 70.46571pt.
 [4 <./contextual-mask.png>]
LaTeX Font Info:    Font shape `OT1/ptm/bx/n' in size <8> not available
(Font)              Font shape `OT1/ptm/b/n' tried instead on input line 35.

Overfull \hbox (3.01147pt too wide) in paragraph at lines 33--45
 [] 
 []

<qualitative_results_example_1.png, id=197, 780.2751pt x 180.675pt>
File: qualitative_results_example_1.png Graphic file (type png)

<use qualitative_results_example_1.png>
Package pdftex.def Info: qualitative_results_example_1.png used on input line 9
5.
(pdftex.def)             Requested size: 195.75569pt x 45.32578pt.

<qualitative_results_example_3.png, id=198, 694.2738pt x 180.675pt>
File: qualitative_results_example_3.png Graphic file (type png)

<use qualitative_results_example_3.png>
Package pdftex.def Info: qualitative_results_example_3.png used on input line 9
7.
(pdftex.def)             Requested size: 195.75569pt x 50.94153pt.
) (./04-conclusions.tex) [5 <./nimble2017-alien-kdtree-recall_pr.pdf> <./nimble
2017-alien-kdforest-recall_pr.pdf

pdfTeX warning: /usr/bin/pdflatex (file ./nimble2017-alien-kdforest-recall_pr.p
df): PDF inclusion: multiple pdfs with page group included in a single page
> <./nimble2017-alien-pq-recall_pr.pdf

pdfTeX warning: /usr/bin/pdflatex (file ./nimble2017-alien-pq-recall_pr.pdf): P
DF inclusion: multiple pdfs with page group included in a single page
> <./nimble2017-alien-hcal-recall_pr.pdf

pdfTeX warning: /usr/bin/pdflatex (file ./nimble2017-alien-hcal-recall_pr.pdf):
 PDF inclusion: multiple pdfs with page group included in a single page
> <./qualitative_results_example_1.png> <./qualitative_results_example_3.png>]
(./2017-icip-provenance-filtering-copyright-notice.bbl
Underfull \hbox (badness 2635) in paragraph at lines 11--14
[]\OT1/ptm/m/n/9 National In-sti-tute of Stan-dards and Tech-nol-ogy (NIST),
 []


Underfull \hbox (badness 10000) in paragraph at lines 11--14
\OT1/ptm/m/n/9 ``The 2016 nim-ble chal-lenge eval-u-a-tion dataset,''
 []


Underfull \hbox (badness 10000) in paragraph at lines 11--14
\OT1/ptm/m/n/9 https://www.nist.gov/itl/iad/mig/nimble-challenge-2017-
 []

Missing character: There is no ï in font ptmr7t!
Missing character: There is no ¿ in font ptmr7t!
Missing character: There is no ½ in font ptmr7t!
Missing character: There is no ï in font ptmr7t!
Missing character: There is no ¿ in font ptmr7t!
Missing character: There is no ½ in font ptmr7t!

Underfull \hbox (badness 1418) in paragraph at lines 108--114
[]\OT1/ptm/m/n/9 Silvia Lameri, Paolo Bestagini, Am-bra Mel-loni, Si-mone
 []


Underfull \hbox (badness 3148) in paragraph at lines 129--133
[]\OT1/ptm/m/n/9 Herbert Bay, An-dreas Ess, Tinne Tuyte-laars, and Luc
 []

) [6

] (./2017-icip-provenance-filtering-copyright-notice.aux) ) 
Here is how much of TeX's memory you used:
 3248 strings out of 493029
 44461 string characters out of 6136234
 122162 words of memory out of 5000000
 6674 multiletter control sequences out of 15000+600000
 28789 words of font info for 60 fonts, out of 8000000 for 9000
 1141 hyphenation exceptions out of 8191
 38i,13n,35p,1830b,375s stack positions out of 5000i,500n,10000p,200000b,80000s
{/usr/share/texlive/
texmf-dist/fonts/enc/dvips/base/8r.enc}</usr/share/texlive/texmf-dist/fonts/typ
e1/public/amsfonts/cm/cmmi10.pfb></usr/share/texlive/texmf-dist/fonts/type1/pub
lic/amsfonts/cm/cmmi6.pfb></usr/share/texlive/texmf-dist/fonts/type1/public/ams
fonts/cm/cmmi7.pfb></usr/share/texlive/texmf-dist/fonts/type1/public/amsfonts/c
m/cmmi8.pfb></usr/share/texlive/texmf-dist/fonts/type1/public/amsfonts/cm/cmmi9
.pfb></usr/share/texlive/texmf-dist/fonts/type1/public/amsfonts/cm/cmr6.pfb></u
sr/share/texlive/texmf-dist/fonts/type1/public/amsfonts/cm/cmr8.pfb></usr/share
/texlive/texmf-dist/fonts/type1/public/amsfonts/cm/cmr9.pfb></usr/share/texlive
/texmf-dist/fonts/type1/public/amsfonts/cm/cmsy10.pfb></usr/share/texlive/texmf
-dist/fonts/type1/public/amsfonts/cm/cmsy8.pfb></usr/share/texlive/texmf-dist/f
onts/type1/public/amsfonts/cm/cmsy9.pfb></usr/share/texlive/texmf-dist/fonts/ty
pe1/urw/courier/ucrr8a.pfb></usr/share/texlive/texmf-dist/fonts/type1/urw/times
/utmb8a.pfb></usr/share/texlive/texmf-dist/fonts/type1/urw/times/utmbi8a.pfb></
usr/share/texlive/texmf-dist/fonts/type1/urw/times/utmr8a.pfb></usr/share/texli
ve/texmf-dist/fonts/type1/urw/times/utmri8a.pfb>
Output written on 2017-icip-provenance-filtering-copyright-notice.pdf (6 pages,
 11122262 bytes).
PDF statistics:
 409 PDF objects out of 1000 (max. 8388607)
 190 compressed objects within 2 object streams
 0 named destinations out of 1000 (max. 500000)
 51 words of extra memory for PDF output out of 10000 (max. 10000000)

