\BOOKMARK [1][-]{section.1}{Introduction}{}% 1
\BOOKMARK [1][-]{section.2}{Related Work}{}% 2
\BOOKMARK [2][-]{subsection.2.1}{Frequency-based approaches}{section.2}% 3
\BOOKMARK [2][-]{subsection.2.2}{Texture-based approaches}{section.2}% 4
\BOOKMARK [2][-]{subsection.2.3}{Motion-based approaches}{section.2}% 5
\BOOKMARK [1][-]{section.3}{Proposed Method}{}% 6
\BOOKMARK [2][-]{subsection.3.1}{Low-Level Descriptor Extraction}{section.3}% 7
\BOOKMARK [3][-]{subsubsection.3.1.1}{Calculation of the Residual Noise Videos}{subsection.3.1}% 8
\BOOKMARK [3][-]{subsubsection.3.1.2}{Calculation of the Fourier Spectrum Videos}{subsection.3.1}% 9
\BOOKMARK [3][-]{subsubsection.3.1.3}{Computation of the time-spectral descriptor}{subsection.3.1}% 10
\BOOKMARK [2][-]{subsection.3.2}{Mid-Level Descriptor Extraction}{section.3}% 11
\BOOKMARK [3][-]{subsubsection.3.2.1}{Visual Codebook Generation}{subsection.3.2}% 12
\BOOKMARK [3][-]{subsubsection.3.2.2}{Coding}{subsection.3.2}% 13
\BOOKMARK [3][-]{subsubsection.3.2.3}{Pooling}{subsection.3.2}% 14
\BOOKMARK [2][-]{subsection.3.3}{Classification}{section.3}% 15
\BOOKMARK [1][-]{section.4}{Experiments and Results}{}% 16
\BOOKMARK [2][-]{subsection.4.1}{Datasets}{section.4}% 17
\BOOKMARK [2][-]{subsection.4.2}{Experimental Protocol}{section.4}% 18
\BOOKMARK [3][-]{subsubsection.4.2.1}{Protocol I}{subsection.4.2}% 19
\BOOKMARK [3][-]{subsubsection.4.2.2}{Protocol II}{subsection.4.2}% 20
\BOOKMARK [3][-]{subsubsection.4.2.3}{Protocol III}{subsection.4.2}% 21
\BOOKMARK [3][-]{subsubsection.4.2.4}{Protocol IV}{subsection.4.2}% 22
\BOOKMARK [2][-]{subsection.4.3}{Method Parameterization}{section.4}% 23
\BOOKMARK [2][-]{subsection.4.4}{Experimental Design and Analysis}{section.4}% 24
\BOOKMARK [3][-]{subsubsection.4.4.1}{Low-Level Descriptor Extraction Parameter Analysis \(LGF and M\)}{subsection.4.4}% 25
\BOOKMARK [3][-]{subsubsection.4.4.2}{Mid-Level Descriptor Extraction Parameter Analysis \(CS, SDD, DS, and CP\)}{subsection.4.4}% 26
\BOOKMARK [3][-]{subsubsection.4.4.3}{Classification Step Parameter Analysis \(C\)}{subsection.4.4}% 27
\BOOKMARK [3][-]{subsubsection.4.4.4}{Analysis of Interaction Effects and Choice of the Best Configuration}{subsection.4.4}% 28
\BOOKMARK [2][-]{subsection.4.5}{Summary After Analyzing Different Factors and Levels}{section.4}% 29
\BOOKMARK [2][-]{subsection.4.6}{Results}{section.4}% 30
\BOOKMARK [3][-]{subsubsection.4.6.1}{Replay-Attack Dataset}{subsection.4.6}% 31
\BOOKMARK [3][-]{subsubsection.4.6.2}{CASIA Face Anti-Spoofing Dataset}{subsection.4.6}% 32
\BOOKMARK [3][-]{subsubsection.4.6.3}{3DMAD Dataset}{subsection.4.6}% 33
\BOOKMARK [3][-]{subsubsection.4.6.4}{UVAD Dataset}{subsection.4.6}% 34
\BOOKMARK [3][-]{subsubsection.4.6.5}{Comparison with State-of-the-Art Methods for CASIA and Replay-Attack Datasets}{subsection.4.6}% 35
\BOOKMARK [3][-]{subsubsection.4.6.6}{Analysis of the Minimum Detection Time}{subsection.4.6}% 36
\BOOKMARK [3][-]{subsubsection.4.6.7}{Cross-Dataset Evaluation}{subsection.4.6}% 37
\BOOKMARK [1][-]{section.5}{Conclusions and Future Work}{}% 38
\BOOKMARK [1][-]{section*.2}{References}{}% 39
