\BOOKMARK [1][-]{section.1}{Introduction}{}% 1
\BOOKMARK [1][-]{section.2}{Related Work}{}% 2
\BOOKMARK [2][-]{subsection.2.1}{Iris Spoofing}{section.2}% 3
\BOOKMARK [2][-]{subsection.2.2}{Face Spoofing}{section.2}% 4
\BOOKMARK [2][-]{subsection.2.3}{Fingerprint Spoofing}{section.2}% 5
\BOOKMARK [2][-]{subsection.2.4}{Multi-modalities}{section.2}% 6
\BOOKMARK [1][-]{section.3}{Benchmarks}{}% 7
\BOOKMARK [2][-]{subsection.3.1}{Iris Spoofing Benchmarks}{section.3}% 8
\BOOKMARK [3][-]{subsubsection.3.1.1}{Biosec}{subsection.3.1}% 9
\BOOKMARK [3][-]{subsubsection.3.1.2}{Warsaw}{subsection.3.1}% 10
\BOOKMARK [3][-]{subsubsection.3.1.3}{MobBIOfake}{subsection.3.1}% 11
\BOOKMARK [2][-]{subsection.3.2}{Video-based Face Spoofing Benchmarks}{section.3}% 12
\BOOKMARK [3][-]{subsubsection.3.2.1}{Replay-Attack}{subsection.3.2}% 13
\BOOKMARK [3][-]{subsubsection.3.2.2}{3DMAD}{subsection.3.2}% 14
\BOOKMARK [2][-]{subsection.3.3}{Fingerprint Spoofing Benchmarks}{section.3}% 15
\BOOKMARK [3][-]{subsubsection.3.3.1}{LivDet2013}{subsection.3.3}% 16
\BOOKMARK [2][-]{subsection.3.4}{Remark}{section.3}% 17
\BOOKMARK [1][-]{section.4}{Methodology}{}% 18
\BOOKMARK [2][-]{subsection.4.1}{Architecture Optimization \(AO\)}{section.4}% 19
\BOOKMARK [2][-]{subsection.4.2}{Filter Optimization \(FO\)}{section.4}% 20
\BOOKMARK [2][-]{subsection.4.3}{Elementary Preprocessing}{section.4}% 21
\BOOKMARK [3][-]{subsubsection.4.3.1}{Face Images}{subsection.4.3}% 22
\BOOKMARK [3][-]{subsubsection.4.3.2}{Fingerprint Images}{subsection.4.3}% 23
\BOOKMARK [2][-]{subsection.4.4}{Evaluation Protocol}{section.4}% 24
\BOOKMARK [2][-]{subsection.4.5}{Implementation}{section.4}% 25
\BOOKMARK [1][-]{section.5}{Experiments and Results}{}% 26
\BOOKMARK [2][-]{subsection.5.1}{Architecture Optimization \(AO\)}{section.5}% 27
\BOOKMARK [2][-]{subsection.5.2}{Filter Optimization \(FO\)}{section.5}% 28
\BOOKMARK [2][-]{subsection.5.3}{Interplay between AO and FO}{section.5}% 29
\BOOKMARK [2][-]{subsection.5.4}{Runtime}{section.5}% 30
\BOOKMARK [2][-]{subsection.5.5}{Visual Assessment}{section.5}% 31
\BOOKMARK [1][-]{section.6}{Conclusions and Future Work}{}% 32
\BOOKMARK [1][-]{section*.1}{Appendix A: Convolutional Network Operations}{}% 33
\BOOKMARK [2][-]{subsubsection.Appendix.A.0.1}{Filter Bank Convolution}{section*.1}% 34
\BOOKMARK [3][-]{subsubsection.Appendix.A.0.2}{Rectified Linear Activation}{subsubsection.Appendix.A.0.1}% 35
\BOOKMARK [3][-]{subsubsection.Appendix.A.0.3}{Spatial Pooling}{subsubsection.Appendix.A.0.1}% 36
\BOOKMARK [3][-]{subsubsection.Appendix.A.0.4}{Divisive Normalization}{subsubsection.Appendix.A.0.1}% 37
\BOOKMARK [1][-]{section*.3}{References}{}% 38
\BOOKMARK [1][-]{IEEEbiography.0}{Biographies}{}% 39
\BOOKMARK [2][-]{IEEEbiography.1}{David Menotti}{IEEEbiography.0}% 40
\BOOKMARK [2][-]{IEEEbiography.2}{Giovani Chiachia}{IEEEbiography.0}% 41
\BOOKMARK [2][-]{IEEEbiography.3}{Allan da Silva Pinto}{IEEEbiography.0}% 42
\BOOKMARK [2][-]{IEEEbiography.4}{William Robson Schwartz}{IEEEbiography.0}% 43
\BOOKMARK [2][-]{IEEEbiography.5}{Helio Pedrini}{IEEEbiography.0}% 44
\BOOKMARK [2][-]{IEEEbiography.6}{Alexandre Xavier Falc\343o}{IEEEbiography.0}% 45
\BOOKMARK [2][-]{IEEEbiography.7}{Alexandre de Rezende Rocha}{IEEEbiography.0}% 46
