This is pdfTeX, Version 3.1415926-2.5-1.40.14 (TeX Live 2013/Debian) (format=pdflatex 2016.1.26)  4 MAR 2016 21:13
entering extended mode
 restricted \write18 enabled.
 %&-line parsing enabled.
**2015-tifs-face-spoofing-visual-rhythms-copyright-notice
(./2015-tifs-face-spoofing-visual-rhythms-copyright-notice.tex
LaTeX2e <2011/06/27>
Babel <3.9h> and hyphenation patterns for 78 languages loaded.
(./IEEEtran.cls
Document Class: IEEEtran 2007/03/05 V1.7a by Michael Shell
-- See the "IEEEtran_HOWTO" manual for usage information.
-- http://www.michaelshell.org/tex/ieeetran/
\@IEEEtrantmpdimenA=\dimen102
\@IEEEtrantmpdimenB=\dimen103
\@IEEEtrantmpcountA=\count79
\@IEEEtrantmpcountB=\count80
\@IEEEtrantmptoksA=\toks14
LaTeX Font Info:    Try loading font information for OT1+ptm on input line 366.

(/usr/share/texlive/texmf-dist/tex/latex/psnfss/ot1ptm.fd
File: ot1ptm.fd 2001/06/04 font definitions for OT1/ptm.
)
** ATTENTION: Single column mode is not typically used with IEEE publications.
-- Using 8.5in x 11in (letter) paper.
-- Using PDF output.
\@IEEEnormalsizeunitybaselineskip=\dimen104
-- This is a 12 point document.
\CLASSINFOnormalsizebaselineskip=\dimen105
\CLASSINFOnormalsizeunitybaselineskip=\dimen106
\IEEEnormaljot=\dimen107
LaTeX Font Info:    Font shape `OT1/ptm/bx/n' in size <6> not available
(Font)              Font shape `OT1/ptm/b/n' tried instead on input line 724.
LaTeX Font Info:    Font shape `OT1/ptm/bx/it' in size <6> not available
(Font)              Font shape `OT1/ptm/b/it' tried instead on input line 724.
LaTeX Font Info:    Font shape `OT1/ptm/bx/n' in size <8> not available
(Font)              Font shape `OT1/ptm/b/n' tried instead on input line 724.
LaTeX Font Info:    Font shape `OT1/ptm/bx/it' in size <8> not available
(Font)              Font shape `OT1/ptm/b/it' tried instead on input line 724.
LaTeX Font Info:    Font shape `OT1/ptm/bx/n' in size <9> not available
(Font)              Font shape `OT1/ptm/b/n' tried instead on input line 724.
LaTeX Font Info:    Font shape `OT1/ptm/bx/it' in size <9> not available
(Font)              Font shape `OT1/ptm/b/it' tried instead on input line 724.
LaTeX Font Info:    Font shape `OT1/ptm/bx/n' in size <10> not available
(Font)              Font shape `OT1/ptm/b/n' tried instead on input line 724.
LaTeX Font Info:    Font shape `OT1/ptm/bx/it' in size <10> not available
(Font)              Font shape `OT1/ptm/b/it' tried instead on input line 724.
LaTeX Font Info:    Font shape `OT1/ptm/bx/n' in size <12> not available
(Font)              Font shape `OT1/ptm/b/n' tried instead on input line 724.
LaTeX Font Info:    Font shape `OT1/ptm/bx/it' in size <12> not available
(Font)              Font shape `OT1/ptm/b/it' tried instead on input line 724.
LaTeX Font Info:    Font shape `OT1/ptm/bx/n' in size <14> not available
(Font)              Font shape `OT1/ptm/b/n' tried instead on input line 724.
LaTeX Font Info:    Font shape `OT1/ptm/bx/it' in size <14> not available
(Font)              Font shape `OT1/ptm/b/it' tried instead on input line 724.
LaTeX Font Info:    Font shape `OT1/ptm/bx/n' in size <20> not available
(Font)              Font shape `OT1/ptm/b/n' tried instead on input line 724.
LaTeX Font Info:    Font shape `OT1/ptm/bx/it' in size <20> not available
(Font)              Font shape `OT1/ptm/b/it' tried instead on input line 724.
LaTeX Font Info:    Font shape `OT1/ptm/bx/n' in size <22> not available
(Font)              Font shape `OT1/ptm/b/n' tried instead on input line 724.
LaTeX Font Info:    Font shape `OT1/ptm/bx/it' in size <22> not available
(Font)              Font shape `OT1/ptm/b/it' tried instead on input line 724.
LaTeX Font Info:    Font shape `OT1/ptm/bx/n' in size <24> not available
(Font)              Font shape `OT1/ptm/b/n' tried instead on input line 724.
LaTeX Font Info:    Font shape `OT1/ptm/bx/it' in size <24> not available
(Font)              Font shape `OT1/ptm/b/it' tried instead on input line 724.
\IEEEilabelindentA=\dimen108
\IEEEilabelindentB=\dimen109
\IEEEilabelindent=\dimen110
\IEEEelabelindent=\dimen111
\IEEEdlabelindent=\dimen112
\IEEElabelindent=\dimen113
\IEEEiednormlabelsep=\dimen114
\IEEEiedmathlabelsep=\dimen115
\IEEEiedtopsep=\skip41
\c@section=\count81
\c@subsection=\count82
\c@subsubsection=\count83
\c@paragraph=\count84
\c@IEEEsubequation=\count85
\abovecaptionskip=\skip42
\belowcaptionskip=\skip43
\c@figure=\count86
\c@table=\count87
\@IEEEeqnnumcols=\count88
\@IEEEeqncolcnt=\count89
\@IEEEtmpitemindent=\dimen116
\c@IEEEbiography=\count90
\@IEEEtranrubishbin=\box26
) (/usr/share/texlive/texmf-dist/tex/latex/base/inputenc.sty
Package: inputenc 2008/03/30 v1.1d Input encoding file
\inpenc@prehook=\toks15
\inpenc@posthook=\toks16

(/usr/share/texlive/texmf-dist/tex/latex/base/latin1.def
File: latin1.def 2008/03/30 v1.1d Input encoding file
))
(/usr/share/texlive/texmf-dist/tex/latex/amsmath/amsmath.sty
Package: amsmath 2013/01/14 v2.14 AMS math features
\@mathmargin=\skip44

For additional information on amsmath, use the `?' option.
(/usr/share/texlive/texmf-dist/tex/latex/amsmath/amstext.sty
Package: amstext 2000/06/29 v2.01

(/usr/share/texlive/texmf-dist/tex/latex/amsmath/amsgen.sty
File: amsgen.sty 1999/11/30 v2.0
\@emptytoks=\toks17
\ex@=\dimen117
))
(/usr/share/texlive/texmf-dist/tex/latex/amsmath/amsbsy.sty
Package: amsbsy 1999/11/29 v1.2d
\pmbraise@=\dimen118
)
(/usr/share/texlive/texmf-dist/tex/latex/amsmath/amsopn.sty
Package: amsopn 1999/12/14 v2.01 operator names
)
\inf@bad=\count91
LaTeX Info: Redefining \frac on input line 210.
\uproot@=\count92
\leftroot@=\count93
LaTeX Info: Redefining \overline on input line 306.
\classnum@=\count94
\DOTSCASE@=\count95
LaTeX Info: Redefining \ldots on input line 378.
LaTeX Info: Redefining \dots on input line 381.
LaTeX Info: Redefining \cdots on input line 466.
\Mathstrutbox@=\box27
\strutbox@=\box28
\big@size=\dimen119
LaTeX Font Info:    Redeclaring font encoding OML on input line 566.
LaTeX Font Info:    Redeclaring font encoding OMS on input line 567.
\macc@depth=\count96
\c@MaxMatrixCols=\count97
\dotsspace@=\muskip10
\c@parentequation=\count98
\dspbrk@lvl=\count99
\tag@help=\toks18
\row@=\count100
\column@=\count101
\maxfields@=\count102
\andhelp@=\toks19
\eqnshift@=\dimen120
\alignsep@=\dimen121
\tagshift@=\dimen122
\tagwidth@=\dimen123
\totwidth@=\dimen124
\lineht@=\dimen125
\@envbody=\toks20
\multlinegap=\skip45
\multlinetaggap=\skip46
\mathdisplay@stack=\toks21
LaTeX Info: Redefining \[ on input line 2665.
LaTeX Info: Redefining \] on input line 2666.
)
(/usr/share/texlive/texmf-dist/tex/latex/amsfonts/amsfonts.sty
Package: amsfonts 2013/01/14 v3.01 Basic AMSFonts support
\symAMSa=\mathgroup4
\symAMSb=\mathgroup5
LaTeX Font Info:    Overwriting math alphabet `\mathfrak' in version `bold'
(Font)                  U/euf/m/n --> U/euf/b/n on input line 106.
)
(/usr/share/texlive/texmf-dist/tex/latex/amsfonts/amssymb.sty
Package: amssymb 2013/01/14 v3.01 AMS font symbols
)
(/usr/share/texlive/texmf-dist/tex/latex/graphics/graphicx.sty
Package: graphicx 1999/02/16 v1.0f Enhanced LaTeX Graphics (DPC,SPQR)

(/usr/share/texlive/texmf-dist/tex/latex/graphics/keyval.sty
Package: keyval 1999/03/16 v1.13 key=value parser (DPC)
\KV@toks@=\toks22
)
(/usr/share/texlive/texmf-dist/tex/latex/graphics/graphics.sty
Package: graphics 2009/02/05 v1.0o Standard LaTeX Graphics (DPC,SPQR)

(/usr/share/texlive/texmf-dist/tex/latex/graphics/trig.sty
Package: trig 1999/03/16 v1.09 sin cos tan (DPC)
)
(/usr/share/texlive/texmf-dist/tex/latex/latexconfig/graphics.cfg
File: graphics.cfg 2010/04/23 v1.9 graphics configuration of TeX Live
)
Package graphics Info: Driver file: pdftex.def on input line 91.

(/usr/share/texlive/texmf-dist/tex/latex/pdftex-def/pdftex.def
File: pdftex.def 2011/05/27 v0.06d Graphics/color for pdfTeX

(/usr/share/texlive/texmf-dist/tex/generic/oberdiek/infwarerr.sty
Package: infwarerr 2010/04/08 v1.3 Providing info/warning/error messages (HO)
)
(/usr/share/texlive/texmf-dist/tex/generic/oberdiek/ltxcmds.sty
Package: ltxcmds 2011/11/09 v1.22 LaTeX kernel commands for general use (HO)
)
\Gread@gobject=\count103
))
\Gin@req@height=\dimen126
\Gin@req@width=\dimen127
)
(/usr/share/texlive/texmf-dist/tex/latex/pdfpages/pdfpages.sty
Package: pdfpages 2013/08/25 v0.4v Insert pages of external PDF documents (AM)

(/usr/share/texlive/texmf-dist/tex/latex/base/ifthen.sty
Package: ifthen 2001/05/26 v1.1c Standard LaTeX ifthen package (DPC)
)
(/usr/share/texlive/texmf-dist/tex/latex/tools/calc.sty
Package: calc 2007/08/22 v4.3 Infix arithmetic (KKT,FJ)
\calc@Acount=\count104
\calc@Bcount=\count105
\calc@Adimen=\dimen128
\calc@Bdimen=\dimen129
\calc@Askip=\skip47
\calc@Bskip=\skip48
LaTeX Info: Redefining \setlength on input line 76.
LaTeX Info: Redefining \addtolength on input line 77.
\calc@Ccount=\count106
\calc@Cskip=\skip49
)
(/usr/share/texlive/texmf-dist/tex/latex/eso-pic/eso-pic.sty
Package: eso-pic 2013/10/06 v2.0d eso-pic (RN)

(/usr/share/texlive/texmf-dist/tex/generic/oberdiek/atbegshi.sty
Package: atbegshi 2011/10/05 v1.16 At begin shipout hook (HO)

(/usr/share/texlive/texmf-dist/tex/generic/oberdiek/ifpdf.sty
Package: ifpdf 2011/01/30 v2.3 Provides the ifpdf switch (HO)
Package ifpdf Info: pdfTeX in PDF mode is detected.
))
(/usr/share/texmf/tex/latex/xcolor/xcolor.sty
Package: xcolor 2007/01/21 v2.11 LaTeX color extensions (UK)

(/usr/share/texlive/texmf-dist/tex/latex/latexconfig/color.cfg
File: color.cfg 2007/01/18 v1.5 color configuration of teTeX/TeXLive
)
Package xcolor Info: Driver file: pdftex.def on input line 225.
Package xcolor Info: Model `cmy' substituted by `cmy0' on input line 1337.
Package xcolor Info: Model `hsb' substituted by `rgb' on input line 1341.
Package xcolor Info: Model `RGB' extended on input line 1353.
Package xcolor Info: Model `HTML' substituted by `rgb' on input line 1355.
Package xcolor Info: Model `Hsb' substituted by `hsb' on input line 1356.
Package xcolor Info: Model `tHsb' substituted by `hsb' on input line 1357.
Package xcolor Info: Model `HSB' substituted by `hsb' on input line 1358.
Package xcolor Info: Model `Gray' substituted by `gray' on input line 1359.
Package xcolor Info: Model `wave' substituted by `hsb' on input line 1360.
))
(/usr/share/texlive/texmf-dist/tex/latex/pdfpages/pppdftex.def
File: pppdftex.def 2013/08/25 v0.4v Pdfpages driver for pdfTeX (AM)
)
\AM@pagebox=\box29
\AM@toc@title=\toks23
\c@AM@survey=\count107
\AM@templatesizebox=\box30
)
(/usr/share/texlive/texmf-dist/tex/latex/hyperref/hyperref.sty
Package: hyperref 2012/11/06 v6.83m Hypertext links for LaTeX

(/usr/share/texlive/texmf-dist/tex/generic/oberdiek/hobsub-hyperref.sty
Package: hobsub-hyperref 2012/05/28 v1.13 Bundle oberdiek, subset hyperref (HO)


(/usr/share/texlive/texmf-dist/tex/generic/oberdiek/hobsub-generic.sty
Package: hobsub-generic 2012/05/28 v1.13 Bundle oberdiek, subset generic (HO)
Package: hobsub 2012/05/28 v1.13 Construct package bundles (HO)
Package hobsub Info: Skipping package `infwarerr' (already loaded).
Package hobsub Info: Skipping package `ltxcmds' (already loaded).
Package: ifluatex 2010/03/01 v1.3 Provides the ifluatex switch (HO)
Package ifluatex Info: LuaTeX not detected.
Package: ifvtex 2010/03/01 v1.5 Detect VTeX and its facilities (HO)
Package ifvtex Info: VTeX not detected.
Package: intcalc 2007/09/27 v1.1 Expandable calculations with integers (HO)
Package hobsub Info: Skipping package `ifpdf' (already loaded).
Package: etexcmds 2011/02/16 v1.5 Avoid name clashes with e-TeX commands (HO)
Package etexcmds Info: Could not find \expanded.
(etexcmds)             That can mean that you are not using pdfTeX 1.50 or
(etexcmds)             that some package has redefined \expanded.
(etexcmds)             In the latter case, load this package earlier.
Package: kvsetkeys 2012/04/25 v1.16 Key value parser (HO)
Package: kvdefinekeys 2011/04/07 v1.3 Define keys (HO)
Package: pdftexcmds 2011/11/29 v0.20 Utility functions of pdfTeX for LuaTeX (HO
)
Package pdftexcmds Info: LuaTeX not detected.
Package pdftexcmds Info: \pdf@primitive is available.
Package pdftexcmds Info: \pdf@ifprimitive is available.
Package pdftexcmds Info: \pdfdraftmode found.
Package: pdfescape 2011/11/25 v1.13 Implements pdfTeX's escape features (HO)
Package: bigintcalc 2012/04/08 v1.3 Expandable calculations on big integers (HO
)
Package: bitset 2011/01/30 v1.1 Handle bit-vector datatype (HO)
Package: uniquecounter 2011/01/30 v1.2 Provide unlimited unique counter (HO)
)
Package hobsub Info: Skipping package `hobsub' (already loaded).
Package: letltxmacro 2010/09/02 v1.4 Let assignment for LaTeX macros (HO)
Package: hopatch 2012/05/28 v1.2 Wrapper for package hooks (HO)
Package: xcolor-patch 2011/01/30 xcolor patch
Package: atveryend 2011/06/30 v1.8 Hooks at the very end of document (HO)
Package atveryend Info: \enddocument detected (standard20110627).
Package hobsub Info: Skipping package `atbegshi' (already loaded).
Package: refcount 2011/10/16 v3.4 Data extraction from label references (HO)
Package: hycolor 2011/01/30 v1.7 Color options for hyperref/bookmark (HO)
)
(/usr/share/texlive/texmf-dist/tex/generic/ifxetex/ifxetex.sty
Package: ifxetex 2010/09/12 v0.6 Provides ifxetex conditional
)
(/usr/share/texlive/texmf-dist/tex/latex/oberdiek/auxhook.sty
Package: auxhook 2011/03/04 v1.3 Hooks for auxiliary files (HO)
)
(/usr/share/texlive/texmf-dist/tex/latex/oberdiek/kvoptions.sty
Package: kvoptions 2011/06/30 v3.11 Key value format for package options (HO)
)
\@linkdim=\dimen130
\Hy@linkcounter=\count108
\Hy@pagecounter=\count109

(/usr/share/texlive/texmf-dist/tex/latex/hyperref/pd1enc.def
File: pd1enc.def 2012/11/06 v6.83m Hyperref: PDFDocEncoding definition (HO)
)
\Hy@SavedSpaceFactor=\count110

(/usr/share/texlive/texmf-dist/tex/latex/latexconfig/hyperref.cfg
File: hyperref.cfg 2002/06/06 v1.2 hyperref configuration of TeXLive
)
Package hyperref Info: Hyper figures OFF on input line 4443.
Package hyperref Info: Link nesting OFF on input line 4448.
Package hyperref Info: Hyper index ON on input line 4451.
Package hyperref Info: Plain pages OFF on input line 4458.
Package hyperref Info: Backreferencing OFF on input line 4463.
Package hyperref Info: Implicit mode ON; LaTeX internals redefined.
Package hyperref Info: Bookmarks ON on input line 4688.
\c@Hy@tempcnt=\count111

(/usr/share/texlive/texmf-dist/tex/latex/url/url.sty
\Urlmuskip=\muskip11
Package: url 2013/09/16  ver 3.4  Verb mode for urls, etc.
)
LaTeX Info: Redefining \url on input line 5041.
\XeTeXLinkMargin=\dimen131
\Fld@menulength=\count112
\Field@Width=\dimen132
\Fld@charsize=\dimen133
Package hyperref Info: Hyper figures OFF on input line 6295.
Package hyperref Info: Link nesting OFF on input line 6300.
Package hyperref Info: Hyper index ON on input line 6303.
Package hyperref Info: backreferencing OFF on input line 6310.
Package hyperref Info: Link coloring OFF on input line 6315.
Package hyperref Info: Link coloring with OCG OFF on input line 6320.
Package hyperref Info: PDF/A mode OFF on input line 6325.
LaTeX Info: Redefining \ref on input line 6365.
LaTeX Info: Redefining \pageref on input line 6369.
\Hy@abspage=\count113
\c@Item=\count114
\c@Hfootnote=\count115
)

Package hyperref Message: Driver (autodetected): hpdftex.

(/usr/share/texlive/texmf-dist/tex/latex/hyperref/hpdftex.def
File: hpdftex.def 2012/11/06 v6.83m Hyperref driver for pdfTeX
\Fld@listcount=\count116
\c@bookmark@seq@number=\count117

(/usr/share/texlive/texmf-dist/tex/latex/oberdiek/rerunfilecheck.sty
Package: rerunfilecheck 2011/04/15 v1.7 Rerun checks for auxiliary files (HO)
Package uniquecounter Info: New unique counter `rerunfilecheck' on input line 2
82.
)
\Hy@SectionHShift=\skip50
)
(/usr/share/texlive/texmf-dist/tex/latex/geometry/geometry.sty
Package: geometry 2010/09/12 v5.6 Page Geometry
\Gm@cnth=\count118
\Gm@cntv=\count119
\c@Gm@tempcnt=\count120
\Gm@bindingoffset=\dimen134
\Gm@wd@mp=\dimen135
\Gm@odd@mp=\dimen136
\Gm@even@mp=\dimen137
\Gm@layoutwidth=\dimen138
\Gm@layoutheight=\dimen139
\Gm@layouthoffset=\dimen140
\Gm@layoutvoffset=\dimen141
\Gm@dimlist=\toks24
)
(./2015-tifs-face-spoofing-visual-rhythms-copyright-notice.aux)
\openout1 = `2015-tifs-face-spoofing-visual-rhythms-copyright-notice.aux'.

LaTeX Font Info:    Checking defaults for OML/cmm/m/it on input line 18.
LaTeX Font Info:    ... okay on input line 18.
LaTeX Font Info:    Checking defaults for T1/cmr/m/n on input line 18.
LaTeX Font Info:    ... okay on input line 18.
LaTeX Font Info:    Checking defaults for OT1/cmr/m/n on input line 18.
LaTeX Font Info:    ... okay on input line 18.
LaTeX Font Info:    Checking defaults for OMS/cmsy/m/n on input line 18.
LaTeX Font Info:    ... okay on input line 18.
LaTeX Font Info:    Checking defaults for OMX/cmex/m/n on input line 18.
LaTeX Font Info:    ... okay on input line 18.
LaTeX Font Info:    Checking defaults for U/cmr/m/n on input line 18.
LaTeX Font Info:    ... okay on input line 18.
LaTeX Font Info:    Checking defaults for PD1/pdf/m/n on input line 18.
LaTeX Font Info:    ... okay on input line 18.

(/usr/share/texlive/texmf-dist/tex/context/base/supp-pdf.mkii
[Loading MPS to PDF converter (version 2006.09.02).]
\scratchcounter=\count121
\scratchdimen=\dimen142
\scratchbox=\box31
\nofMPsegments=\count122
\nofMParguments=\count123
\everyMPshowfont=\toks25
\MPscratchCnt=\count124
\MPscratchDim=\dimen143
\MPnumerator=\count125
\makeMPintoPDFobject=\count126
\everyMPtoPDFconversion=\toks26
) (/usr/share/texlive/texmf-dist/tex/latex/oberdiek/epstopdf-base.sty
Package: epstopdf-base 2010/02/09 v2.5 Base part for package epstopdf

(/usr/share/texlive/texmf-dist/tex/latex/oberdiek/grfext.sty
Package: grfext 2010/08/19 v1.1 Manage graphics extensions (HO)
)
Package grfext Info: Graphics extension search list:
(grfext)             [.png,.pdf,.jpg,.mps,.jpeg,.jbig2,.jb2,.PNG,.PDF,.JPG,.JPE
G,.JBIG2,.JB2,.eps]
(grfext)             \AppendGraphicsExtensions on input line 452.

(/usr/share/texlive/texmf-dist/tex/latex/latexconfig/epstopdf-sys.cfg
File: epstopdf-sys.cfg 2010/07/13 v1.3 Configuration of (r)epstopdf for TeX Liv
e
))
\AtBeginShipoutBox=\box32
Package hyperref Info: Link coloring OFF on input line 18.

(/usr/share/texlive/texmf-dist/tex/latex/hyperref/nameref.sty
Package: nameref 2012/10/27 v2.43 Cross-referencing by name of section

(/usr/share/texlive/texmf-dist/tex/generic/oberdiek/gettitlestring.sty
Package: gettitlestring 2010/12/03 v1.4 Cleanup title references (HO)
)
\c@section@level=\count127
)
LaTeX Info: Redefining \ref on input line 18.
LaTeX Info: Redefining \pageref on input line 18.
LaTeX Info: Redefining \nameref on input line 18.

(./2015-tifs-face-spoofing-visual-rhythms-copyright-notice.out)
(./2015-tifs-face-spoofing-visual-rhythms-copyright-notice.out)
\@outlinefile=\write3
\openout3 = `2015-tifs-face-spoofing-visual-rhythms-copyright-notice.out'.


*geometry* driver: auto-detecting
*geometry* detected driver: pdftex
*geometry* verbose mode - [ preamble ] result:
* driver: pdftex
* paper: <default>
* layout: <same size as paper>
* layoutoffset:(h,v)=(0.0pt,0.0pt)
* modes: 
* h-part:(L,W,R)=(85.35826pt, 443.57848pt, 85.35826pt)
* v-part:(T,H,B)=(56.9055pt, 681.15898pt, 56.9055pt)
* \paperwidth=614.295pt
* \paperheight=794.96999pt
* \textwidth=443.57848pt
* \textheight=681.15898pt
* \oddsidemargin=13.08827pt
* \evensidemargin=13.08827pt
* \topmargin=-45.43198pt
* \headheight=12.0pt
* \headsep=18.06749pt
* \topskip=13.92pt
* \footskip=28.90755pt
* \marginparwidth=20.0pt
* \marginparsep=10.0pt
* \columnsep=12.0pt
* \skip\footins=12.52791pt plus 5.5679pt minus 2.78395pt
* \hoffset=0.0pt
* \voffset=0.0pt
* \mag=1000
* \@twocolumnfalse
* \@twosidefalse
* \@mparswitchfalse
* \@reversemarginfalse
* (1in=72.27pt=25.4mm, 1cm=28.453pt)

LaTeX Font Info:    Try loading font information for OMS+ptm on input line 20.
(/usr/share/texlive/texmf-dist/tex/latex/psnfss/omsptm.fd
File: omsptm.fd 
)
LaTeX Font Info:    Font shape `OMS/ptm/m/n' in size <12> not available
(Font)              Font shape `OMS/cmsy/m/n' tried instead on input line 20.

Underfull \hbox (badness 10000) in paragraph at lines 20--22

 []


Underfull \hbox (badness 10000) in paragraph at lines 23--25

 []

LaTeX Font Info:    Try loading font information for U+msa on input line 26.
(/usr/share/texlive/texmf-dist/tex/latex/amsfonts/umsa.fd
File: umsa.fd 2013/01/14 v3.01 AMS symbols A
)
LaTeX Font Info:    Try loading font information for U+msb on input line 26.

(/usr/share/texlive/texmf-dist/tex/latex/amsfonts/umsb.fd
File: umsb.fd 2013/01/14 v3.01 AMS symbols B
)
<2015-tifs-face-spoofing-visual-rhythms-draft.pdf, id=5, 614.295pt x 794.97pt>
File: 2015-tifs-face-spoofing-visual-rhythms-draft.pdf Graphic file (type pdf)

<use 2015-tifs-face-spoofing-visual-rhythms-draft.pdf>
Package pdftex.def Info: 2015-tifs-face-spoofing-visual-rhythms-draft.pdf used 
on input line 28.
(pdftex.def)             Requested size: 614.29349pt x 794.96806pt.
File: 2015-tifs-face-spoofing-visual-rhythms-draft.pdf Graphic file (type pdf)

<use 2015-tifs-face-spoofing-visual-rhythms-draft.pdf>
Package pdftex.def Info: 2015-tifs-face-spoofing-visual-rhythms-draft.pdf used 
on input line 28.
(pdftex.def)             Requested size: 614.29349pt x 794.96806pt.
 [1{/var/lib/texmf/fonts/map/pdftex/updmap/pdftex.map}]
<2015-tifs-face-spoofing-visual-rhythms-draft.pdf, id=15, page=1, 614.295pt x 7
94.97pt>
File: 2015-tifs-face-spoofing-visual-rhythms-draft.pdf Graphic file (type pdf)
 <use 2015-tifs-face-spoofing-visual-rhythms-draft.pdf, page 1>
Package pdftex.def Info: 2015-tifs-face-spoofing-visual-rhythms-draft.pdf, page
1 used on input line 28.
(pdftex.def)             Requested size: 614.29349pt x 794.96806pt.
File: 2015-tifs-face-spoofing-visual-rhythms-draft.pdf Graphic file (type pdf)

<use 2015-tifs-face-spoofing-visual-rhythms-draft.pdf, page 1>
Package pdftex.def Info: 2015-tifs-face-spoofing-visual-rhythms-draft.pdf, page
1 used on input line 28.
(pdftex.def)             Requested size: 614.58406pt x 795.3441pt.
File: 2015-tifs-face-spoofing-visual-rhythms-draft.pdf Graphic file (type pdf)

<use 2015-tifs-face-spoofing-visual-rhythms-draft.pdf, page 1>
Package pdftex.def Info: 2015-tifs-face-spoofing-visual-rhythms-draft.pdf, page
1 used on input line 28.
(pdftex.def)             Requested size: 614.58406pt x 795.3441pt.
File: 2015-tifs-face-spoofing-visual-rhythms-draft.pdf Graphic file (type pdf)

<use 2015-tifs-face-spoofing-visual-rhythms-draft.pdf, page 1>
Package pdftex.def Info: 2015-tifs-face-spoofing-visual-rhythms-draft.pdf, page
1 used on input line 28.
(pdftex.def)             Requested size: 614.58406pt x 795.3441pt.
File: 2015-tifs-face-spoofing-visual-rhythms-draft.pdf Graphic file (type pdf)

<use 2015-tifs-face-spoofing-visual-rhythms-draft.pdf, page 1>
Package pdftex.def Info: 2015-tifs-face-spoofing-visual-rhythms-draft.pdf, page
1 used on input line 28.
(pdftex.def)             Requested size: 614.58406pt x 795.3441pt.
 [2 <./2015-tifs-face-spoofing-visual-rhythms-draft.pdf>]
<2015-tifs-face-spoofing-visual-rhythms-draft.pdf, id=74, page=2, 614.295pt x 7
94.97pt>
File: 2015-tifs-face-spoofing-visual-rhythms-draft.pdf Graphic file (type pdf)
 <use 2015-tifs-face-spoofing-visual-rhythms-draft.pdf, page 2>
Package pdftex.def Info: 2015-tifs-face-spoofing-visual-rhythms-draft.pdf, page
2 used on input line 28.
(pdftex.def)             Requested size: 614.58406pt x 795.3441pt.
File: 2015-tifs-face-spoofing-visual-rhythms-draft.pdf Graphic file (type pdf)

<use 2015-tifs-face-spoofing-visual-rhythms-draft.pdf, page 2>
Package pdftex.def Info: 2015-tifs-face-spoofing-visual-rhythms-draft.pdf, page
2 used on input line 28.
(pdftex.def)             Requested size: 614.58406pt x 795.3441pt.
File: 2015-tifs-face-spoofing-visual-rhythms-draft.pdf Graphic file (type pdf)

<use 2015-tifs-face-spoofing-visual-rhythms-draft.pdf, page 2>
Package pdftex.def Info: 2015-tifs-face-spoofing-visual-rhythms-draft.pdf, page
2 used on input line 28.
(pdftex.def)             Requested size: 614.58406pt x 795.3441pt.
 [3 <./2015-tifs-face-spoofing-visual-rhythms-draft.pdf>]
<2015-tifs-face-spoofing-visual-rhythms-draft.pdf, id=99, page=3, 614.295pt x 7
94.97pt>
File: 2015-tifs-face-spoofing-visual-rhythms-draft.pdf Graphic file (type pdf)
 <use 2015-tifs-face-spoofing-visual-rhythms-draft.pdf, page 3>
Package pdftex.def Info: 2015-tifs-face-spoofing-visual-rhythms-draft.pdf, page
3 used on input line 28.
(pdftex.def)             Requested size: 614.58406pt x 795.3441pt.
File: 2015-tifs-face-spoofing-visual-rhythms-draft.pdf Graphic file (type pdf)

<use 2015-tifs-face-spoofing-visual-rhythms-draft.pdf, page 3>
Package pdftex.def Info: 2015-tifs-face-spoofing-visual-rhythms-draft.pdf, page
3 used on input line 28.
(pdftex.def)             Requested size: 614.58406pt x 795.3441pt.
File: 2015-tifs-face-spoofing-visual-rhythms-draft.pdf Graphic file (type pdf)

<use 2015-tifs-face-spoofing-visual-rhythms-draft.pdf, page 3>
Package pdftex.def Info: 2015-tifs-face-spoofing-visual-rhythms-draft.pdf, page
3 used on input line 28.
(pdftex.def)             Requested size: 614.58406pt x 795.3441pt.
 [4 <./2015-tifs-face-spoofing-visual-rhythms-draft.pdf>]
<2015-tifs-face-spoofing-visual-rhythms-draft.pdf, id=104, page=4, 614.295pt x 
794.97pt>
File: 2015-tifs-face-spoofing-visual-rhythms-draft.pdf Graphic file (type pdf)
 <use 2015-tifs-face-spoofing-visual-rhythms-draft.pdf, page 4>
Package pdftex.def Info: 2015-tifs-face-spoofing-visual-rhythms-draft.pdf, page
4 used on input line 28.
(pdftex.def)             Requested size: 614.58406pt x 795.3441pt.
File: 2015-tifs-face-spoofing-visual-rhythms-draft.pdf Graphic file (type pdf)

<use 2015-tifs-face-spoofing-visual-rhythms-draft.pdf, page 4>
Package pdftex.def Info: 2015-tifs-face-spoofing-visual-rhythms-draft.pdf, page
4 used on input line 28.
(pdftex.def)             Requested size: 614.58406pt x 795.3441pt.
File: 2015-tifs-face-spoofing-visual-rhythms-draft.pdf Graphic file (type pdf)

<use 2015-tifs-face-spoofing-visual-rhythms-draft.pdf, page 4>
Package pdftex.def Info: 2015-tifs-face-spoofing-visual-rhythms-draft.pdf, page
4 used on input line 28.
(pdftex.def)             Requested size: 614.58406pt x 795.3441pt.
 [5 <./2015-tifs-face-spoofing-visual-rhythms-draft.pdf>]
<2015-tifs-face-spoofing-visual-rhythms-draft.pdf, id=119, page=5, 614.295pt x 
794.97pt>
File: 2015-tifs-face-spoofing-visual-rhythms-draft.pdf Graphic file (type pdf)
 <use 2015-tifs-face-spoofing-visual-rhythms-draft.pdf, page 5>
Package pdftex.def Info: 2015-tifs-face-spoofing-visual-rhythms-draft.pdf, page
5 used on input line 28.
(pdftex.def)             Requested size: 614.58406pt x 795.3441pt.
File: 2015-tifs-face-spoofing-visual-rhythms-draft.pdf Graphic file (type pdf)

<use 2015-tifs-face-spoofing-visual-rhythms-draft.pdf, page 5>
Package pdftex.def Info: 2015-tifs-face-spoofing-visual-rhythms-draft.pdf, page
5 used on input line 28.
(pdftex.def)             Requested size: 614.58406pt x 795.3441pt.
File: 2015-tifs-face-spoofing-visual-rhythms-draft.pdf Graphic file (type pdf)

<use 2015-tifs-face-spoofing-visual-rhythms-draft.pdf, page 5>
Package pdftex.def Info: 2015-tifs-face-spoofing-visual-rhythms-draft.pdf, page
5 used on input line 28.
(pdftex.def)             Requested size: 614.58406pt x 795.3441pt.
 [6 <./2015-tifs-face-spoofing-visual-rhythms-draft.pdf>]
<2015-tifs-face-spoofing-visual-rhythms-draft.pdf, id=124, page=6, 614.295pt x 
794.97pt>
File: 2015-tifs-face-spoofing-visual-rhythms-draft.pdf Graphic file (type pdf)
 <use 2015-tifs-face-spoofing-visual-rhythms-draft.pdf, page 6>
Package pdftex.def Info: 2015-tifs-face-spoofing-visual-rhythms-draft.pdf, page
6 used on input line 28.
(pdftex.def)             Requested size: 614.58406pt x 795.3441pt.
File: 2015-tifs-face-spoofing-visual-rhythms-draft.pdf Graphic file (type pdf)

<use 2015-tifs-face-spoofing-visual-rhythms-draft.pdf, page 6>
Package pdftex.def Info: 2015-tifs-face-spoofing-visual-rhythms-draft.pdf, page
6 used on input line 28.
(pdftex.def)             Requested size: 614.58406pt x 795.3441pt.
File: 2015-tifs-face-spoofing-visual-rhythms-draft.pdf Graphic file (type pdf)

<use 2015-tifs-face-spoofing-visual-rhythms-draft.pdf, page 6>
Package pdftex.def Info: 2015-tifs-face-spoofing-visual-rhythms-draft.pdf, page
6 used on input line 28.
(pdftex.def)             Requested size: 614.58406pt x 795.3441pt.
 [7 <./2015-tifs-face-spoofing-visual-rhythms-draft.pdf>]
<2015-tifs-face-spoofing-visual-rhythms-draft.pdf, id=187, page=7, 614.295pt x 
794.97pt>
File: 2015-tifs-face-spoofing-visual-rhythms-draft.pdf Graphic file (type pdf)
 <use 2015-tifs-face-spoofing-visual-rhythms-draft.pdf, page 7>
Package pdftex.def Info: 2015-tifs-face-spoofing-visual-rhythms-draft.pdf, page
7 used on input line 28.
(pdftex.def)             Requested size: 614.58406pt x 795.3441pt.
File: 2015-tifs-face-spoofing-visual-rhythms-draft.pdf Graphic file (type pdf)

<use 2015-tifs-face-spoofing-visual-rhythms-draft.pdf, page 7>
Package pdftex.def Info: 2015-tifs-face-spoofing-visual-rhythms-draft.pdf, page
7 used on input line 28.
(pdftex.def)             Requested size: 614.58406pt x 795.3441pt.
File: 2015-tifs-face-spoofing-visual-rhythms-draft.pdf Graphic file (type pdf)

<use 2015-tifs-face-spoofing-visual-rhythms-draft.pdf, page 7>
Package pdftex.def Info: 2015-tifs-face-spoofing-visual-rhythms-draft.pdf, page
7 used on input line 28.
(pdftex.def)             Requested size: 614.58406pt x 795.3441pt.
 [8 <./2015-tifs-face-spoofing-visual-rhythms-draft.pdf>]
<2015-tifs-face-spoofing-visual-rhythms-draft.pdf, id=200, page=8, 614.295pt x 
794.97pt>
File: 2015-tifs-face-spoofing-visual-rhythms-draft.pdf Graphic file (type pdf)
 <use 2015-tifs-face-spoofing-visual-rhythms-draft.pdf, page 8>
Package pdftex.def Info: 2015-tifs-face-spoofing-visual-rhythms-draft.pdf, page
8 used on input line 28.
(pdftex.def)             Requested size: 614.58406pt x 795.3441pt.
File: 2015-tifs-face-spoofing-visual-rhythms-draft.pdf Graphic file (type pdf)

<use 2015-tifs-face-spoofing-visual-rhythms-draft.pdf, page 8>
Package pdftex.def Info: 2015-tifs-face-spoofing-visual-rhythms-draft.pdf, page
8 used on input line 28.
(pdftex.def)             Requested size: 614.58406pt x 795.3441pt.
File: 2015-tifs-face-spoofing-visual-rhythms-draft.pdf Graphic file (type pdf)

<use 2015-tifs-face-spoofing-visual-rhythms-draft.pdf, page 8>
Package pdftex.def Info: 2015-tifs-face-spoofing-visual-rhythms-draft.pdf, page
8 used on input line 28.
(pdftex.def)             Requested size: 614.58406pt x 795.3441pt.
 [9 <./2015-tifs-face-spoofing-visual-rhythms-draft.pdf>]
<2015-tifs-face-spoofing-visual-rhythms-draft.pdf, id=205, page=9, 614.295pt x 
794.97pt>
File: 2015-tifs-face-spoofing-visual-rhythms-draft.pdf Graphic file (type pdf)
 <use 2015-tifs-face-spoofing-visual-rhythms-draft.pdf, page 9>
Package pdftex.def Info: 2015-tifs-face-spoofing-visual-rhythms-draft.pdf, page
9 used on input line 28.
(pdftex.def)             Requested size: 614.58406pt x 795.3441pt.
File: 2015-tifs-face-spoofing-visual-rhythms-draft.pdf Graphic file (type pdf)

<use 2015-tifs-face-spoofing-visual-rhythms-draft.pdf, page 9>
Package pdftex.def Info: 2015-tifs-face-spoofing-visual-rhythms-draft.pdf, page
9 used on input line 28.
(pdftex.def)             Requested size: 614.58406pt x 795.3441pt.
File: 2015-tifs-face-spoofing-visual-rhythms-draft.pdf Graphic file (type pdf)

<use 2015-tifs-face-spoofing-visual-rhythms-draft.pdf, page 9>
Package pdftex.def Info: 2015-tifs-face-spoofing-visual-rhythms-draft.pdf, page
9 used on input line 28.
(pdftex.def)             Requested size: 614.58406pt x 795.3441pt.
 [10 <./2015-tifs-face-spoofing-visual-rhythms-draft.pdf>]
<2015-tifs-face-spoofing-visual-rhythms-draft.pdf, id=250, page=10, 614.295pt x
 794.97pt>
File: 2015-tifs-face-spoofing-visual-rhythms-draft.pdf Graphic file (type pdf)
 <use 2015-tifs-face-spoofing-visual-rhythms-draft.pdf, page 10>
Package pdftex.def Info: 2015-tifs-face-spoofing-visual-rhythms-draft.pdf, page
10 used on input line 28.
(pdftex.def)             Requested size: 614.58406pt x 795.3441pt.
File: 2015-tifs-face-spoofing-visual-rhythms-draft.pdf Graphic file (type pdf)

<use 2015-tifs-face-spoofing-visual-rhythms-draft.pdf, page 10>
Package pdftex.def Info: 2015-tifs-face-spoofing-visual-rhythms-draft.pdf, page
10 used on input line 28.
(pdftex.def)             Requested size: 614.58406pt x 795.3441pt.
File: 2015-tifs-face-spoofing-visual-rhythms-draft.pdf Graphic file (type pdf)

<use 2015-tifs-face-spoofing-visual-rhythms-draft.pdf, page 10>
Package pdftex.def Info: 2015-tifs-face-spoofing-visual-rhythms-draft.pdf, page
10 used on input line 28.
(pdftex.def)             Requested size: 614.58406pt x 795.3441pt.
 [11 <./2015-tifs-face-spoofing-visual-rhythms-draft.pdf>]
<2015-tifs-face-spoofing-visual-rhythms-draft.pdf, id=274, page=11, 614.295pt x
 794.97pt>
File: 2015-tifs-face-spoofing-visual-rhythms-draft.pdf Graphic file (type pdf)
 <use 2015-tifs-face-spoofing-visual-rhythms-draft.pdf, page 11>
Package pdftex.def Info: 2015-tifs-face-spoofing-visual-rhythms-draft.pdf, page
11 used on input line 28.
(pdftex.def)             Requested size: 614.58406pt x 795.3441pt.
File: 2015-tifs-face-spoofing-visual-rhythms-draft.pdf Graphic file (type pdf)

<use 2015-tifs-face-spoofing-visual-rhythms-draft.pdf, page 11>
Package pdftex.def Info: 2015-tifs-face-spoofing-visual-rhythms-draft.pdf, page
11 used on input line 28.
(pdftex.def)             Requested size: 614.58406pt x 795.3441pt.
File: 2015-tifs-face-spoofing-visual-rhythms-draft.pdf Graphic file (type pdf)

<use 2015-tifs-face-spoofing-visual-rhythms-draft.pdf, page 11>
Package pdftex.def Info: 2015-tifs-face-spoofing-visual-rhythms-draft.pdf, page
11 used on input line 28.
(pdftex.def)             Requested size: 614.58406pt x 795.3441pt.
 [12 <./2015-tifs-face-spoofing-visual-rhythms-draft.pdf>]
<2015-tifs-face-spoofing-visual-rhythms-draft.pdf, id=279, page=12, 614.295pt x
 794.97pt>
File: 2015-tifs-face-spoofing-visual-rhythms-draft.pdf Graphic file (type pdf)
 <use 2015-tifs-face-spoofing-visual-rhythms-draft.pdf, page 12>
Package pdftex.def Info: 2015-tifs-face-spoofing-visual-rhythms-draft.pdf, page
12 used on input line 28.
(pdftex.def)             Requested size: 614.58406pt x 795.3441pt.
File: 2015-tifs-face-spoofing-visual-rhythms-draft.pdf Graphic file (type pdf)

<use 2015-tifs-face-spoofing-visual-rhythms-draft.pdf, page 12>
Package pdftex.def Info: 2015-tifs-face-spoofing-visual-rhythms-draft.pdf, page
12 used on input line 28.
(pdftex.def)             Requested size: 614.58406pt x 795.3441pt.
File: 2015-tifs-face-spoofing-visual-rhythms-draft.pdf Graphic file (type pdf)

<use 2015-tifs-face-spoofing-visual-rhythms-draft.pdf, page 12>
Package pdftex.def Info: 2015-tifs-face-spoofing-visual-rhythms-draft.pdf, page
12 used on input line 28.
(pdftex.def)             Requested size: 614.58406pt x 795.3441pt.
 [13 <./2015-tifs-face-spoofing-visual-rhythms-draft.pdf>]
<2015-tifs-face-spoofing-visual-rhythms-draft.pdf, id=300, page=13, 614.295pt x
 794.97pt>
File: 2015-tifs-face-spoofing-visual-rhythms-draft.pdf Graphic file (type pdf)
 <use 2015-tifs-face-spoofing-visual-rhythms-draft.pdf, page 13>
Package pdftex.def Info: 2015-tifs-face-spoofing-visual-rhythms-draft.pdf, page
13 used on input line 28.
(pdftex.def)             Requested size: 614.58406pt x 795.3441pt.
File: 2015-tifs-face-spoofing-visual-rhythms-draft.pdf Graphic file (type pdf)

<use 2015-tifs-face-spoofing-visual-rhythms-draft.pdf, page 13>
Package pdftex.def Info: 2015-tifs-face-spoofing-visual-rhythms-draft.pdf, page
13 used on input line 28.
(pdftex.def)             Requested size: 614.58406pt x 795.3441pt.
File: 2015-tifs-face-spoofing-visual-rhythms-draft.pdf Graphic file (type pdf)

<use 2015-tifs-face-spoofing-visual-rhythms-draft.pdf, page 13>
Package pdftex.def Info: 2015-tifs-face-spoofing-visual-rhythms-draft.pdf, page
13 used on input line 28.
(pdftex.def)             Requested size: 614.58406pt x 795.3441pt.
 [14 <./2015-tifs-face-spoofing-visual-rhythms-draft.pdf>]
Package atveryend Info: Empty hook `BeforeClearDocument' on input line 30.
Package atveryend Info: Empty hook `AfterLastShipout' on input line 30.

(./2015-tifs-face-spoofing-visual-rhythms-copyright-notice.aux)
Package atveryend Info: Executing hook `AtVeryEndDocument' on input line 30.
Package atveryend Info: Executing hook `AtEndAfterFileList' on input line 30.
Package rerunfilecheck Info: File `2015-tifs-face-spoofing-visual-rhythms-copyr
ight-notice.out' has not changed.
(rerunfilecheck)             Checksum: D41D8CD98F00B204E9800998ECF8427E;0.
Package atveryend Info: Empty hook `AtVeryVeryEnd' on input line 30.
 ) 
Here is how much of TeX's memory you used:
 8256 strings out of 493304
 124394 string characters out of 6139871
 217347 words of memory out of 5000000
 11605 multiletter control sequences out of 15000+600000
 28326 words of font info for 69 fonts, out of 8000000 for 9000
 957 hyphenation exceptions out of 8191
 41i,18n,46p,521b,443s stack positions out of 5000i,500n,10000p,200000b,80000s
{/usr/share/texlive/texmf-dist/fonts/enc/dvips/base/8r.enc}</usr/share/texliv
e/texmf-dist/fonts/type1/public/amsfonts/cm/cmbx8.pfb></usr/share/texlive/texmf
-dist/fonts/type1/public/amsfonts/cm/cmex10.pfb></usr/share/texlive/texmf-dist/
fonts/type1/public/amsfonts/cm/cmmi10.pfb></usr/share/texlive/texmf-dist/fonts/
type1/public/amsfonts/cm/cmmi5.pfb></usr/share/texlive/texmf-dist/fonts/type1/p
ublic/amsfonts/cm/cmmi6.pfb></usr/share/texlive/texmf-dist/fonts/type1/public/a
msfonts/cm/cmmi7.pfb></usr/share/texlive/texmf-dist/fonts/type1/public/amsfonts
/cm/cmmi8.pfb></usr/share/texlive/texmf-dist/fonts/type1/public/amsfonts/cm/cmm
i9.pfb></usr/share/texlive/texmf-dist/fonts/type1/public/amsfonts/cm/cmr10.pfb>
</usr/share/texlive/texmf-dist/fonts/type1/public/amsfonts/cm/cmr6.pfb></usr/sh
are/texlive/texmf-dist/fonts/type1/public/amsfonts/cm/cmr7.pfb></usr/share/texl
ive/texmf-dist/fonts/type1/public/amsfonts/cm/cmr8.pfb></usr/share/texlive/texm
f-dist/fonts/type1/public/amsfonts/cm/cmr9.pfb></usr/share/texlive/texmf-dist/f
onts/type1/public/amsfonts/cm/cmsy10.pfb></usr/share/texlive/texmf-dist/fonts/t
ype1/public/amsfonts/cm/cmsy7.pfb></usr/share/texlive/texmf-dist/fonts/type1/pu
blic/amsfonts/cm/cmsy8.pfb></usr/share/texlive/texmf-dist/fonts/type1/public/am
sfonts/cm/cmsy9.pfb></usr/share/texlive/texmf-dist/fonts/type1/public/amsfonts/
cm/cmti10.pfb></usr/share/texlive/texmf-dist/fonts/type1/public/amsfonts/cm/cmt
i9.pfb></usr/share/texlive/texmf-dist/fonts/type1/public/amsfonts/symbols/msam1
0.pfb></usr/share/texlive/texmf-dist/fonts/type1/public/amsfonts/symbols/msbm10
.pfb></usr/share/texlive/texmf-dist/fonts/type1/urw/times/utmb8a.pfb></usr/shar
e/texlive/texmf-dist/fonts/type1/urw/times/utmbi8a.pfb></usr/share/texlive/texm
f-dist/fonts/type1/urw/times/utmr8a.pfb></usr/share/texlive/texmf-dist/fonts/ty
pe1/urw/times/utmri8a.pfb></usr/share/texlive/texmf-dist/fonts/type1/urw/zapfdi
ng/uzdr.pfb>
Output written on 2015-tifs-face-spoofing-visual-rhythms-copyright-notice.pdf (
14 pages, 11260764 bytes).
PDF statistics:
 348 PDF objects out of 1000 (max. 8388607)
 231 compressed objects within 3 object streams
 15 named destinations out of 1000 (max. 500000)
 81 words of extra memory for PDF output out of 10000 (max. 10000000)

